<?xml version="1.0" encoding="utf-8" ?>
<!DOCTYPE html PUBLIC "-//W3C//DTD XHTML 1.0 Strict//EN"
        "http://www.w3.org/TR/xhtml1/DTD/xhtml1-strict.dtd">
<html xmlns="http://www.w3.org/1999/xhtml" xml:lang="" lang="">
<head>
  <title>Test Results Report - smokeMenuTest</title>
  <meta http-equiv="Content-Type" content="text/html;charset=utf-8" />
  <meta name="description" content="TestNG unit test results." />
  <link href="reportng.css" rel="stylesheet" type="text/css" />
    <script type="text/javascript" src="reportng.js"></script>
</head>
<body>
<h1>smokeMenuTest</h1>
<p>
  Test duration: 1185.303s
</p>



  <table class="resultsTable">
    <tr><th colspan="3" class="header failed">Failed Tests</th></tr>
          <tr>
        <td colspan="3" class="group">com.epam.testexternalpart.tests.SmokeTest</td>
      </tr>
            
<tr>
  <td class="method">
                  checkElStreamPage
      </td>
  <td class="duration">
    0.020s
  </td>
  <td class="result">
        
          <i>Method arguments: </i><span class="arguments">";¹;First Name;Last Name;Middle Name;Phone;BirthDate;Email;Fill Date"</span><br />
    
            <div class="testOutput">
                        <br /><b><font size = 2 color = #000099>Check all elements are present on StreamPage</font></b><br/>
                                <br /><font size = 2 color = #000000>Checking that click by selected stream reffering to Stream Page</font>
                  </div>
    

        <a href="javascript:toggleElement('exception-0', 'block')" title="Click to expand/collapse"><b>org.openqa.selenium.NoSuchElementException: no such element<br/>
&nbsp; (Session info: chrome=39.0.2171.99)<br/>
&nbsp; (Driver info: chromedriver=2.9.248315,platform=Windows NT 6.1 SP1 x86_64) (WARNING: The server did not provide any stacktrace information)<br/>
Command duration or timeout: 19 milliseconds<br/>
For documentation on this error, please visit: http://seleniumhq.org/exceptions/no_such_element.html<br/>
Build info: version: &apos;2.44.0&apos;, revision: &apos;76d78cf323ce037c5f92db6c1bba601c2ac43ad8&apos;, time: &apos;2014-10-23 13:11:40&apos;<br/>
System info: host: &apos;EPUAKHAW0329&apos;, ip: &apos;10.23.12.108&apos;, os.name: &apos;Windows 7&apos;, os.arch: &apos;amd64&apos;, os.version: &apos;6.1&apos;, java.version: &apos;1.7.0_67&apos;<br/>
Session ID: 85241c23195402c1151b90e96c2159a1<br/>
Driver info: org.openqa.selenium.chrome.ChromeDriver<br/>
Capabilities [{platform=XP, acceptSslCerts=true, javascriptEnabled=true, browserName=chrome, chrome={userDataDir=C:\Users\Olha_Myroliubova\AppData\Local\Temp\scoped_dir8268_26791}, rotatable=false, locationContextEnabled=true, version=39.0.2171.99, takesHeapSnapshot=true, cssSelectorsEnabled=true, databaseEnabled=false, handlesAlerts=true, browserConnectionEnabled=false, webStorageEnabled=true, nativeEvents=true, applicationCacheEnabled=false, takesScreenshot=true}]</b></a><br />
    <div class="stackTrace" id="exception-0">
              sun.reflect.NativeConstructorAccessorImpl.newInstance0(Native Method)<br />
              sun.reflect.NativeConstructorAccessorImpl.newInstance(Unknown Source)<br />
              sun.reflect.DelegatingConstructorAccessorImpl.newInstance(Unknown Source)<br />
              java.lang.reflect.Constructor.newInstance(Unknown Source)<br />
              org.openqa.selenium.remote.ErrorHandler.createThrowable(ErrorHandler.java:204)<br />
              org.openqa.selenium.remote.ErrorHandler.throwIfResponseFailed(ErrorHandler.java:156)<br />
              org.openqa.selenium.remote.RemoteWebDriver.execute(RemoteWebDriver.java:599)<br />
              org.openqa.selenium.remote.RemoteWebDriver.findElement(RemoteWebDriver.java:352)<br />
              org.openqa.selenium.remote.RemoteWebDriver.findElementByXPath(RemoteWebDriver.java:449)<br />
              org.openqa.selenium.By$ByXPath.findElement(By.java:357)<br />
              org.openqa.selenium.remote.RemoteWebDriver.findElement(RemoteWebDriver.java:344)<br />
              com.epam.testexternalpart.screen.departments.Departments.clickSelectedStream(Departments.java:169)<br />
              com.epam.testexternalpart.tests.SmokeTest.checkElStreamPage(SmokeTest.java:61)<br />
              sun.reflect.NativeMethodAccessorImpl.invoke0(Native Method)<br />
              sun.reflect.NativeMethodAccessorImpl.invoke(Unknown Source)<br />
              sun.reflect.DelegatingMethodAccessorImpl.invoke(Unknown Source)<br />
              java.lang.reflect.Method.invoke(Unknown Source)<br />
              org.testng.internal.MethodInvocationHelper.invokeMethod(MethodInvocationHelper.java:84)<br />
              org.testng.internal.Invoker.invokeMethod(Invoker.java:714)<br />
              org.testng.internal.Invoker.invokeTestMethod(Invoker.java:901)<br />
              org.testng.internal.Invoker.invokeTestMethods(Invoker.java:1231)<br />
              org.testng.internal.TestMethodWorker.invokeTestMethods(TestMethodWorker.java:127)<br />
              org.testng.internal.TestMethodWorker.run(TestMethodWorker.java:111)<br />
              org.testng.TestRunner.privateRun(TestRunner.java:767)<br />
              org.testng.TestRunner.run(TestRunner.java:617)<br />
              org.testng.SuiteRunner.runTest(SuiteRunner.java:348)<br />
              org.testng.SuiteRunner.runSequentially(SuiteRunner.java:343)<br />
              org.testng.SuiteRunner.privateRun(SuiteRunner.java:305)<br />
              org.testng.SuiteRunner.run(SuiteRunner.java:254)<br />
              org.testng.SuiteRunnerWorker.runSuite(SuiteRunnerWorker.java:52)<br />
              org.testng.SuiteRunnerWorker.run(SuiteRunnerWorker.java:86)<br />
              org.testng.TestNG.runSuitesSequentially(TestNG.java:1224)<br />
              org.testng.TestNG.runSuitesLocally(TestNG.java:1149)<br />
              org.testng.TestNG.run(TestNG.java:1057)<br />
              org.apache.maven.surefire.testng.TestNGExecutor.run(TestNGExecutor.java:295)<br />
              org.apache.maven.surefire.testng.TestNGXmlTestSuite.execute(TestNGXmlTestSuite.java:84)<br />
              org.apache.maven.surefire.testng.TestNGProvider.invoke(TestNGProvider.java:90)<br />
              org.apache.maven.surefire.booter.ForkedBooter.invokeProviderInSameClassLoader(ForkedBooter.java:203)<br />
              org.apache.maven.surefire.booter.ForkedBooter.runSuitesInProcess(ForkedBooter.java:155)<br />
              org.apache.maven.surefire.booter.ForkedBooter.main(ForkedBooter.java:103)<br />
                </div>
      </td>
</tr>
<tr>
  <td class="method">
                  checkElementsAddCandidate
      </td>
  <td class="duration">
    0.010s
  </td>
  <td class="result">
        
          <i>Method arguments: </i><span class="arguments">"First name;Last name;Middle name;Birth date;Email;Phone;Secondary phone;University name;Faculty name;Academic degree;Education start year;Graduation year;Additional education;Relevant skills;Languages;Referrer;Attempt count;Stream;Status;Fill date;Comment"</span><br />
    
            <div class="testOutput">
                        <br /><b><font size = 2 color = #000099>Check all elements are present on Add Candidate Page</font></b><br/>
                                <br /><font size = 2 color = #000000>Checking that click by selected stream reffering to Stream Page</font>
                  </div>
    

        <a href="javascript:toggleElement('exception-1', 'block')" title="Click to expand/collapse"><b>org.openqa.selenium.NoSuchElementException: no such element<br/>
&nbsp; (Session info: chrome=39.0.2171.99)<br/>
&nbsp; (Driver info: chromedriver=2.9.248315,platform=Windows NT 6.1 SP1 x86_64) (WARNING: The server did not provide any stacktrace information)<br/>
Command duration or timeout: 9 milliseconds<br/>
For documentation on this error, please visit: http://seleniumhq.org/exceptions/no_such_element.html<br/>
Build info: version: &apos;2.44.0&apos;, revision: &apos;76d78cf323ce037c5f92db6c1bba601c2ac43ad8&apos;, time: &apos;2014-10-23 13:11:40&apos;<br/>
System info: host: &apos;EPUAKHAW0329&apos;, ip: &apos;10.23.12.108&apos;, os.name: &apos;Windows 7&apos;, os.arch: &apos;amd64&apos;, os.version: &apos;6.1&apos;, java.version: &apos;1.7.0_67&apos;<br/>
Session ID: 85241c23195402c1151b90e96c2159a1<br/>
Driver info: org.openqa.selenium.chrome.ChromeDriver<br/>
Capabilities [{platform=XP, acceptSslCerts=true, javascriptEnabled=true, browserName=chrome, chrome={userDataDir=C:\Users\Olha_Myroliubova\AppData\Local\Temp\scoped_dir8268_26791}, rotatable=false, locationContextEnabled=true, version=39.0.2171.99, takesHeapSnapshot=true, cssSelectorsEnabled=true, databaseEnabled=false, handlesAlerts=true, browserConnectionEnabled=false, webStorageEnabled=true, nativeEvents=true, applicationCacheEnabled=false, takesScreenshot=true}]</b></a><br />
    <div class="stackTrace" id="exception-1">
              sun.reflect.NativeConstructorAccessorImpl.newInstance0(Native Method)<br />
              sun.reflect.NativeConstructorAccessorImpl.newInstance(Unknown Source)<br />
              sun.reflect.DelegatingConstructorAccessorImpl.newInstance(Unknown Source)<br />
              java.lang.reflect.Constructor.newInstance(Unknown Source)<br />
              org.openqa.selenium.remote.ErrorHandler.createThrowable(ErrorHandler.java:204)<br />
              org.openqa.selenium.remote.ErrorHandler.throwIfResponseFailed(ErrorHandler.java:156)<br />
              org.openqa.selenium.remote.RemoteWebDriver.execute(RemoteWebDriver.java:599)<br />
              org.openqa.selenium.remote.RemoteWebDriver.findElement(RemoteWebDriver.java:352)<br />
              org.openqa.selenium.remote.RemoteWebDriver.findElementByXPath(RemoteWebDriver.java:449)<br />
              org.openqa.selenium.By$ByXPath.findElement(By.java:357)<br />
              org.openqa.selenium.remote.RemoteWebDriver.findElement(RemoteWebDriver.java:344)<br />
              com.epam.testexternalpart.screen.departments.Departments.clickSelectedStream(Departments.java:169)<br />
              com.epam.testexternalpart.tests.SmokeTest.checkElementsAddCandidate(SmokeTest.java:78)<br />
              sun.reflect.NativeMethodAccessorImpl.invoke0(Native Method)<br />
              sun.reflect.NativeMethodAccessorImpl.invoke(Unknown Source)<br />
              sun.reflect.DelegatingMethodAccessorImpl.invoke(Unknown Source)<br />
              java.lang.reflect.Method.invoke(Unknown Source)<br />
              org.testng.internal.MethodInvocationHelper.invokeMethod(MethodInvocationHelper.java:84)<br />
              org.testng.internal.Invoker.invokeMethod(Invoker.java:714)<br />
              org.testng.internal.Invoker.invokeTestMethod(Invoker.java:901)<br />
              org.testng.internal.Invoker.invokeTestMethods(Invoker.java:1231)<br />
              org.testng.internal.TestMethodWorker.invokeTestMethods(TestMethodWorker.java:127)<br />
              org.testng.internal.TestMethodWorker.run(TestMethodWorker.java:111)<br />
              org.testng.TestRunner.privateRun(TestRunner.java:767)<br />
              org.testng.TestRunner.run(TestRunner.java:617)<br />
              org.testng.SuiteRunner.runTest(SuiteRunner.java:348)<br />
              org.testng.SuiteRunner.runSequentially(SuiteRunner.java:343)<br />
              org.testng.SuiteRunner.privateRun(SuiteRunner.java:305)<br />
              org.testng.SuiteRunner.run(SuiteRunner.java:254)<br />
              org.testng.SuiteRunnerWorker.runSuite(SuiteRunnerWorker.java:52)<br />
              org.testng.SuiteRunnerWorker.run(SuiteRunnerWorker.java:86)<br />
              org.testng.TestNG.runSuitesSequentially(TestNG.java:1224)<br />
              org.testng.TestNG.runSuitesLocally(TestNG.java:1149)<br />
              org.testng.TestNG.run(TestNG.java:1057)<br />
              org.apache.maven.surefire.testng.TestNGExecutor.run(TestNGExecutor.java:295)<br />
              org.apache.maven.surefire.testng.TestNGXmlTestSuite.execute(TestNGXmlTestSuite.java:84)<br />
              org.apache.maven.surefire.testng.TestNGProvider.invoke(TestNGProvider.java:90)<br />
              org.apache.maven.surefire.booter.ForkedBooter.invokeProviderInSameClassLoader(ForkedBooter.java:203)<br />
              org.apache.maven.surefire.booter.ForkedBooter.runSuitesInProcess(ForkedBooter.java:155)<br />
              org.apache.maven.surefire.booter.ForkedBooter.main(ForkedBooter.java:103)<br />
                </div>
      </td>
</tr>
<tr>
  <td class="method">
                  checkElementsEditCandidate
      </td>
  <td class="duration">
    0.004s
  </td>
  <td class="result">
        
          <i>Method arguments: </i><span class="arguments">"Petrov;Petr;Olololoevich;02.12.1993;sdhgjshgj@mail.ru;+380505465345;", "First name;Last name;Middle name;Birth date;Email;Phone;Secondary phone;University name;Faculty name;Academic degree;Education start year;Graduation year;Additional education;Relevant skills;Languages;Referrer;Attempt count;Stream;Status;Fill date;Comment"</span><br />
    
            <div class="testOutput">
                        <br /><b><font size = 2 color = #000099>Check all elements are present on EditCandidatePage</font></b><br/>
                                <br /><font size = 2 color = #000000>Checking that click by selected stream reffering to Stream Page</font>
                  </div>
    

        <a href="javascript:toggleElement('exception-2', 'block')" title="Click to expand/collapse"><b>org.openqa.selenium.NoSuchElementException: no such element<br/>
&nbsp; (Session info: chrome=39.0.2171.99)<br/>
&nbsp; (Driver info: chromedriver=2.9.248315,platform=Windows NT 6.1 SP1 x86_64) (WARNING: The server did not provide any stacktrace information)<br/>
Command duration or timeout: 4 milliseconds<br/>
For documentation on this error, please visit: http://seleniumhq.org/exceptions/no_such_element.html<br/>
Build info: version: &apos;2.44.0&apos;, revision: &apos;76d78cf323ce037c5f92db6c1bba601c2ac43ad8&apos;, time: &apos;2014-10-23 13:11:40&apos;<br/>
System info: host: &apos;EPUAKHAW0329&apos;, ip: &apos;10.23.12.108&apos;, os.name: &apos;Windows 7&apos;, os.arch: &apos;amd64&apos;, os.version: &apos;6.1&apos;, java.version: &apos;1.7.0_67&apos;<br/>
Session ID: 85241c23195402c1151b90e96c2159a1<br/>
Driver info: org.openqa.selenium.chrome.ChromeDriver<br/>
Capabilities [{platform=XP, acceptSslCerts=true, javascriptEnabled=true, browserName=chrome, chrome={userDataDir=C:\Users\Olha_Myroliubova\AppData\Local\Temp\scoped_dir8268_26791}, rotatable=false, locationContextEnabled=true, version=39.0.2171.99, takesHeapSnapshot=true, cssSelectorsEnabled=true, databaseEnabled=false, handlesAlerts=true, browserConnectionEnabled=false, webStorageEnabled=true, nativeEvents=true, applicationCacheEnabled=false, takesScreenshot=true}]</b></a><br />
    <div class="stackTrace" id="exception-2">
              sun.reflect.NativeConstructorAccessorImpl.newInstance0(Native Method)<br />
              sun.reflect.NativeConstructorAccessorImpl.newInstance(Unknown Source)<br />
              sun.reflect.DelegatingConstructorAccessorImpl.newInstance(Unknown Source)<br />
              java.lang.reflect.Constructor.newInstance(Unknown Source)<br />
              org.openqa.selenium.remote.ErrorHandler.createThrowable(ErrorHandler.java:204)<br />
              org.openqa.selenium.remote.ErrorHandler.throwIfResponseFailed(ErrorHandler.java:156)<br />
              org.openqa.selenium.remote.RemoteWebDriver.execute(RemoteWebDriver.java:599)<br />
              org.openqa.selenium.remote.RemoteWebDriver.findElement(RemoteWebDriver.java:352)<br />
              org.openqa.selenium.remote.RemoteWebDriver.findElementByXPath(RemoteWebDriver.java:449)<br />
              org.openqa.selenium.By$ByXPath.findElement(By.java:357)<br />
              org.openqa.selenium.remote.RemoteWebDriver.findElement(RemoteWebDriver.java:344)<br />
              com.epam.testexternalpart.screen.departments.Departments.clickSelectedStream(Departments.java:169)<br />
              com.epam.testexternalpart.tests.SmokeTest.checkElementsEditCandidate(SmokeTest.java:106)<br />
              sun.reflect.NativeMethodAccessorImpl.invoke0(Native Method)<br />
              sun.reflect.NativeMethodAccessorImpl.invoke(Unknown Source)<br />
              sun.reflect.DelegatingMethodAccessorImpl.invoke(Unknown Source)<br />
              java.lang.reflect.Method.invoke(Unknown Source)<br />
              org.testng.internal.MethodInvocationHelper.invokeMethod(MethodInvocationHelper.java:84)<br />
              org.testng.internal.Invoker.invokeMethod(Invoker.java:714)<br />
              org.testng.internal.Invoker.invokeTestMethod(Invoker.java:901)<br />
              org.testng.internal.Invoker.invokeTestMethods(Invoker.java:1231)<br />
              org.testng.internal.TestMethodWorker.invokeTestMethods(TestMethodWorker.java:127)<br />
              org.testng.internal.TestMethodWorker.run(TestMethodWorker.java:111)<br />
              org.testng.TestRunner.privateRun(TestRunner.java:767)<br />
              org.testng.TestRunner.run(TestRunner.java:617)<br />
              org.testng.SuiteRunner.runTest(SuiteRunner.java:348)<br />
              org.testng.SuiteRunner.runSequentially(SuiteRunner.java:343)<br />
              org.testng.SuiteRunner.privateRun(SuiteRunner.java:305)<br />
              org.testng.SuiteRunner.run(SuiteRunner.java:254)<br />
              org.testng.SuiteRunnerWorker.runSuite(SuiteRunnerWorker.java:52)<br />
              org.testng.SuiteRunnerWorker.run(SuiteRunnerWorker.java:86)<br />
              org.testng.TestNG.runSuitesSequentially(TestNG.java:1224)<br />
              org.testng.TestNG.runSuitesLocally(TestNG.java:1149)<br />
              org.testng.TestNG.run(TestNG.java:1057)<br />
              org.apache.maven.surefire.testng.TestNGExecutor.run(TestNGExecutor.java:295)<br />
              org.apache.maven.surefire.testng.TestNGXmlTestSuite.execute(TestNGXmlTestSuite.java:84)<br />
              org.apache.maven.surefire.testng.TestNGProvider.invoke(TestNGProvider.java:90)<br />
              org.apache.maven.surefire.booter.ForkedBooter.invokeProviderInSameClassLoader(ForkedBooter.java:203)<br />
              org.apache.maven.surefire.booter.ForkedBooter.runSuitesInProcess(ForkedBooter.java:155)<br />
              org.apache.maven.surefire.booter.ForkedBooter.main(ForkedBooter.java:103)<br />
                </div>
      </td>
</tr>
<tr>
  <td class="method">
                  checkElementsPresentAddDepartmentPage
      </td>
  <td class="duration">
    0.013s
  </td>
  <td class="result">
        
    
            <div class="testOutput">
                        <br /><b><font size = 2 color = #000099>Check all elements are present on Add Department Page</font></b><br/>
                                <br /><font size = 2 color = #000000>Checking that Department Create Button reffering to Create Department Page</font>
                  </div>
    

        <a href="javascript:toggleElement('exception-3', 'block')" title="Click to expand/collapse"><b>org.openqa.selenium.NoSuchElementException: no such element<br/>
&nbsp; (Session info: chrome=39.0.2171.99)<br/>
&nbsp; (Driver info: chromedriver=2.9.248315,platform=Windows NT 6.1 SP1 x86_64) (WARNING: The server did not provide any stacktrace information)<br/>
Command duration or timeout: 12 milliseconds<br/>
For documentation on this error, please visit: http://seleniumhq.org/exceptions/no_such_element.html<br/>
Build info: version: &apos;2.44.0&apos;, revision: &apos;76d78cf323ce037c5f92db6c1bba601c2ac43ad8&apos;, time: &apos;2014-10-23 13:11:40&apos;<br/>
System info: host: &apos;EPUAKHAW0329&apos;, ip: &apos;10.23.12.108&apos;, os.name: &apos;Windows 7&apos;, os.arch: &apos;amd64&apos;, os.version: &apos;6.1&apos;, java.version: &apos;1.7.0_67&apos;<br/>
Session ID: 85241c23195402c1151b90e96c2159a1<br/>
Driver info: org.openqa.selenium.chrome.ChromeDriver<br/>
Capabilities [{platform=XP, acceptSslCerts=true, javascriptEnabled=true, browserName=chrome, chrome={userDataDir=C:\Users\Olha_Myroliubova\AppData\Local\Temp\scoped_dir8268_26791}, rotatable=false, locationContextEnabled=true, version=39.0.2171.99, takesHeapSnapshot=true, cssSelectorsEnabled=true, databaseEnabled=false, handlesAlerts=true, browserConnectionEnabled=false, webStorageEnabled=true, nativeEvents=true, applicationCacheEnabled=false, takesScreenshot=true}]</b></a><br />
    <div class="stackTrace" id="exception-3">
              sun.reflect.NativeConstructorAccessorImpl.newInstance0(Native Method)<br />
              sun.reflect.NativeConstructorAccessorImpl.newInstance(Unknown Source)<br />
              sun.reflect.DelegatingConstructorAccessorImpl.newInstance(Unknown Source)<br />
              java.lang.reflect.Constructor.newInstance(Unknown Source)<br />
              org.openqa.selenium.remote.ErrorHandler.createThrowable(ErrorHandler.java:204)<br />
              org.openqa.selenium.remote.ErrorHandler.throwIfResponseFailed(ErrorHandler.java:156)<br />
              org.openqa.selenium.remote.RemoteWebDriver.execute(RemoteWebDriver.java:599)<br />
              org.openqa.selenium.remote.RemoteWebDriver.findElement(RemoteWebDriver.java:352)<br />
              org.openqa.selenium.remote.RemoteWebDriver.findElementByXPath(RemoteWebDriver.java:449)<br />
              org.openqa.selenium.By$ByXPath.findElement(By.java:357)<br />
              org.openqa.selenium.remote.RemoteWebDriver.findElement(RemoteWebDriver.java:344)<br />
              org.openqa.selenium.support.pagefactory.DefaultElementLocator.findElement(DefaultElementLocator.java:59)<br />
              org.openqa.selenium.support.pagefactory.internal.LocatingElementHandler.invoke(LocatingElementHandler.java:37)<br />
              com.sun.proxy.$Proxy9.click(Unknown Source)<br />
              com.epam.testexternalpart.screen.departments.Departments.clickCreateDepartmentButton(Departments.java:146)<br />
              com.epam.testexternalpart.tests.SmokeTest.checkElementsPresentAddDepartmentPage(SmokeTest.java:34)<br />
              sun.reflect.NativeMethodAccessorImpl.invoke0(Native Method)<br />
              sun.reflect.NativeMethodAccessorImpl.invoke(Unknown Source)<br />
              sun.reflect.DelegatingMethodAccessorImpl.invoke(Unknown Source)<br />
              java.lang.reflect.Method.invoke(Unknown Source)<br />
              org.testng.internal.MethodInvocationHelper.invokeMethod(MethodInvocationHelper.java:84)<br />
              org.testng.internal.Invoker.invokeMethod(Invoker.java:714)<br />
              org.testng.internal.Invoker.invokeTestMethod(Invoker.java:901)<br />
              org.testng.internal.Invoker.invokeTestMethods(Invoker.java:1231)<br />
              org.testng.internal.TestMethodWorker.invokeTestMethods(TestMethodWorker.java:127)<br />
              org.testng.internal.TestMethodWorker.run(TestMethodWorker.java:111)<br />
              org.testng.TestRunner.privateRun(TestRunner.java:767)<br />
              org.testng.TestRunner.run(TestRunner.java:617)<br />
              org.testng.SuiteRunner.runTest(SuiteRunner.java:348)<br />
              org.testng.SuiteRunner.runSequentially(SuiteRunner.java:343)<br />
              org.testng.SuiteRunner.privateRun(SuiteRunner.java:305)<br />
              org.testng.SuiteRunner.run(SuiteRunner.java:254)<br />
              org.testng.SuiteRunnerWorker.runSuite(SuiteRunnerWorker.java:52)<br />
              org.testng.SuiteRunnerWorker.run(SuiteRunnerWorker.java:86)<br />
              org.testng.TestNG.runSuitesSequentially(TestNG.java:1224)<br />
              org.testng.TestNG.runSuitesLocally(TestNG.java:1149)<br />
              org.testng.TestNG.run(TestNG.java:1057)<br />
              org.apache.maven.surefire.testng.TestNGExecutor.run(TestNGExecutor.java:295)<br />
              org.apache.maven.surefire.testng.TestNGXmlTestSuite.execute(TestNGXmlTestSuite.java:84)<br />
              org.apache.maven.surefire.testng.TestNGProvider.invoke(TestNGProvider.java:90)<br />
              org.apache.maven.surefire.booter.ForkedBooter.invokeProviderInSameClassLoader(ForkedBooter.java:203)<br />
              org.apache.maven.surefire.booter.ForkedBooter.runSuitesInProcess(ForkedBooter.java:155)<br />
              org.apache.maven.surefire.booter.ForkedBooter.main(ForkedBooter.java:103)<br />
                </div>
      </td>
</tr>
<tr>
  <td class="method">
                  checkElementsPresentAddStreamPage
      </td>
  <td class="duration">
    0.021s
  </td>
  <td class="result">
        
    
            <div class="testOutput">
                        <br /><b><font size = 2 color = #000099>Check all elements are present on Add Stream Page</font></b><br/>
                                <br /><font size = 2 color = #000000>Checking that Stream Create Button reffering to Add Stream Page</font>
                  </div>
    

        <a href="javascript:toggleElement('exception-4', 'block')" title="Click to expand/collapse"><b>org.openqa.selenium.NoSuchElementException: no such element<br/>
&nbsp; (Session info: chrome=39.0.2171.99)<br/>
&nbsp; (Driver info: chromedriver=2.9.248315,platform=Windows NT 6.1 SP1 x86_64) (WARNING: The server did not provide any stacktrace information)<br/>
Command duration or timeout: 21 milliseconds<br/>
For documentation on this error, please visit: http://seleniumhq.org/exceptions/no_such_element.html<br/>
Build info: version: &apos;2.44.0&apos;, revision: &apos;76d78cf323ce037c5f92db6c1bba601c2ac43ad8&apos;, time: &apos;2014-10-23 13:11:40&apos;<br/>
System info: host: &apos;EPUAKHAW0329&apos;, ip: &apos;10.23.12.108&apos;, os.name: &apos;Windows 7&apos;, os.arch: &apos;amd64&apos;, os.version: &apos;6.1&apos;, java.version: &apos;1.7.0_67&apos;<br/>
Session ID: 85241c23195402c1151b90e96c2159a1<br/>
Driver info: org.openqa.selenium.chrome.ChromeDriver<br/>
Capabilities [{platform=XP, acceptSslCerts=true, javascriptEnabled=true, browserName=chrome, chrome={userDataDir=C:\Users\Olha_Myroliubova\AppData\Local\Temp\scoped_dir8268_26791}, rotatable=false, locationContextEnabled=true, version=39.0.2171.99, takesHeapSnapshot=true, cssSelectorsEnabled=true, databaseEnabled=false, handlesAlerts=true, browserConnectionEnabled=false, webStorageEnabled=true, nativeEvents=true, applicationCacheEnabled=false, takesScreenshot=true}]</b></a><br />
    <div class="stackTrace" id="exception-4">
              sun.reflect.NativeConstructorAccessorImpl.newInstance0(Native Method)<br />
              sun.reflect.NativeConstructorAccessorImpl.newInstance(Unknown Source)<br />
              sun.reflect.DelegatingConstructorAccessorImpl.newInstance(Unknown Source)<br />
              java.lang.reflect.Constructor.newInstance(Unknown Source)<br />
              org.openqa.selenium.remote.ErrorHandler.createThrowable(ErrorHandler.java:204)<br />
              org.openqa.selenium.remote.ErrorHandler.throwIfResponseFailed(ErrorHandler.java:156)<br />
              org.openqa.selenium.remote.RemoteWebDriver.execute(RemoteWebDriver.java:599)<br />
              org.openqa.selenium.remote.RemoteWebDriver.findElement(RemoteWebDriver.java:352)<br />
              org.openqa.selenium.remote.RemoteWebDriver.findElementByXPath(RemoteWebDriver.java:449)<br />
              org.openqa.selenium.By$ByXPath.findElement(By.java:357)<br />
              org.openqa.selenium.remote.RemoteWebDriver.findElement(RemoteWebDriver.java:344)<br />
              org.openqa.selenium.support.pagefactory.DefaultElementLocator.findElement(DefaultElementLocator.java:59)<br />
              org.openqa.selenium.support.pagefactory.internal.LocatingElementHandler.invoke(LocatingElementHandler.java:37)<br />
              com.sun.proxy.$Proxy9.click(Unknown Source)<br />
              com.epam.testexternalpart.screen.departments.Departments.clickCreateStreamButton(Departments.java:160)<br />
              com.epam.testexternalpart.tests.SmokeTest.checkElementsPresentAddStreamPage(SmokeTest.java:44)<br />
              sun.reflect.NativeMethodAccessorImpl.invoke0(Native Method)<br />
              sun.reflect.NativeMethodAccessorImpl.invoke(Unknown Source)<br />
              sun.reflect.DelegatingMethodAccessorImpl.invoke(Unknown Source)<br />
              java.lang.reflect.Method.invoke(Unknown Source)<br />
              org.testng.internal.MethodInvocationHelper.invokeMethod(MethodInvocationHelper.java:84)<br />
              org.testng.internal.Invoker.invokeMethod(Invoker.java:714)<br />
              org.testng.internal.Invoker.invokeTestMethod(Invoker.java:901)<br />
              org.testng.internal.Invoker.invokeTestMethods(Invoker.java:1231)<br />
              org.testng.internal.TestMethodWorker.invokeTestMethods(TestMethodWorker.java:127)<br />
              org.testng.internal.TestMethodWorker.run(TestMethodWorker.java:111)<br />
              org.testng.TestRunner.privateRun(TestRunner.java:767)<br />
              org.testng.TestRunner.run(TestRunner.java:617)<br />
              org.testng.SuiteRunner.runTest(SuiteRunner.java:348)<br />
              org.testng.SuiteRunner.runSequentially(SuiteRunner.java:343)<br />
              org.testng.SuiteRunner.privateRun(SuiteRunner.java:305)<br />
              org.testng.SuiteRunner.run(SuiteRunner.java:254)<br />
              org.testng.SuiteRunnerWorker.runSuite(SuiteRunnerWorker.java:52)<br />
              org.testng.SuiteRunnerWorker.run(SuiteRunnerWorker.java:86)<br />
              org.testng.TestNG.runSuitesSequentially(TestNG.java:1224)<br />
              org.testng.TestNG.runSuitesLocally(TestNG.java:1149)<br />
              org.testng.TestNG.run(TestNG.java:1057)<br />
              org.apache.maven.surefire.testng.TestNGExecutor.run(TestNGExecutor.java:295)<br />
              org.apache.maven.surefire.testng.TestNGXmlTestSuite.execute(TestNGXmlTestSuite.java:84)<br />
              org.apache.maven.surefire.testng.TestNGProvider.invoke(TestNGProvider.java:90)<br />
              org.apache.maven.surefire.booter.ForkedBooter.invokeProviderInSameClassLoader(ForkedBooter.java:203)<br />
              org.apache.maven.surefire.booter.ForkedBooter.runSuitesInProcess(ForkedBooter.java:155)<br />
              org.apache.maven.surefire.booter.ForkedBooter.main(ForkedBooter.java:103)<br />
                </div>
      </td>
</tr>
<tr>
  <td class="method">
                  checkElementsPresentDepartmentPage
      </td>
  <td class="duration">
    0.030s
  </td>
  <td class="result">
        
    
            <div class="testOutput">
                        <br /><b><font size = 2 color = #000099>Check all elements are present on DepartmentPage</font></b><br/>
                                <br><b><font size = 2 color = #000000>Checking the presence of all text on Department Page</font></b><br>
                                <br /><font size = 2 color = #000000>Checking text of element Department title</font>
                  </div>
    

        <a href="javascript:toggleElement('exception-5', 'block')" title="Click to expand/collapse"><b>org.openqa.selenium.NoSuchElementException: no such element<br/>
&nbsp; (Session info: chrome=39.0.2171.99)<br/>
&nbsp; (Driver info: chromedriver=2.9.248315,platform=Windows NT 6.1 SP1 x86_64) (WARNING: The server did not provide any stacktrace information)<br/>
Command duration or timeout: 30 milliseconds<br/>
For documentation on this error, please visit: http://seleniumhq.org/exceptions/no_such_element.html<br/>
Build info: version: &apos;2.44.0&apos;, revision: &apos;76d78cf323ce037c5f92db6c1bba601c2ac43ad8&apos;, time: &apos;2014-10-23 13:11:40&apos;<br/>
System info: host: &apos;EPUAKHAW0329&apos;, ip: &apos;10.23.12.108&apos;, os.name: &apos;Windows 7&apos;, os.arch: &apos;amd64&apos;, os.version: &apos;6.1&apos;, java.version: &apos;1.7.0_67&apos;<br/>
Session ID: 85241c23195402c1151b90e96c2159a1<br/>
Driver info: org.openqa.selenium.chrome.ChromeDriver<br/>
Capabilities [{platform=XP, acceptSslCerts=true, javascriptEnabled=true, browserName=chrome, chrome={userDataDir=C:\Users\Olha_Myroliubova\AppData\Local\Temp\scoped_dir8268_26791}, rotatable=false, locationContextEnabled=true, version=39.0.2171.99, takesHeapSnapshot=true, cssSelectorsEnabled=true, databaseEnabled=false, handlesAlerts=true, browserConnectionEnabled=false, webStorageEnabled=true, nativeEvents=true, applicationCacheEnabled=false, takesScreenshot=true}]</b></a><br />
    <div class="stackTrace" id="exception-5">
              sun.reflect.NativeConstructorAccessorImpl.newInstance0(Native Method)<br />
              sun.reflect.NativeConstructorAccessorImpl.newInstance(Unknown Source)<br />
              sun.reflect.DelegatingConstructorAccessorImpl.newInstance(Unknown Source)<br />
              java.lang.reflect.Constructor.newInstance(Unknown Source)<br />
              org.openqa.selenium.remote.ErrorHandler.createThrowable(ErrorHandler.java:204)<br />
              org.openqa.selenium.remote.ErrorHandler.throwIfResponseFailed(ErrorHandler.java:156)<br />
              org.openqa.selenium.remote.RemoteWebDriver.execute(RemoteWebDriver.java:599)<br />
              org.openqa.selenium.remote.RemoteWebDriver.findElement(RemoteWebDriver.java:352)<br />
              org.openqa.selenium.remote.RemoteWebDriver.findElementByXPath(RemoteWebDriver.java:449)<br />
              org.openqa.selenium.By$ByXPath.findElement(By.java:357)<br />
              org.openqa.selenium.remote.RemoteWebDriver.findElement(RemoteWebDriver.java:344)<br />
              org.openqa.selenium.support.pagefactory.DefaultElementLocator.findElement(DefaultElementLocator.java:59)<br />
              org.openqa.selenium.support.pagefactory.internal.LocatingElementHandler.invoke(LocatingElementHandler.java:37)<br />
              com.sun.proxy.$Proxy9.getTagName(Unknown Source)<br />
              com.epam.testexternalpart.screen.Components.checkElementText(Components.java:105)<br />
              com.epam.testexternalpart.screen.departments.Departments.checkTextPresent(Departments.java:223)<br />
              com.epam.testexternalpart.tests.SmokeTest.checkElementsPresentDepartmentPage(SmokeTest.java:25)<br />
              sun.reflect.NativeMethodAccessorImpl.invoke0(Native Method)<br />
              sun.reflect.NativeMethodAccessorImpl.invoke(Unknown Source)<br />
              sun.reflect.DelegatingMethodAccessorImpl.invoke(Unknown Source)<br />
              java.lang.reflect.Method.invoke(Unknown Source)<br />
              org.testng.internal.MethodInvocationHelper.invokeMethod(MethodInvocationHelper.java:84)<br />
              org.testng.internal.Invoker.invokeMethod(Invoker.java:714)<br />
              org.testng.internal.Invoker.invokeTestMethod(Invoker.java:901)<br />
              org.testng.internal.Invoker.invokeTestMethods(Invoker.java:1231)<br />
              org.testng.internal.TestMethodWorker.invokeTestMethods(TestMethodWorker.java:127)<br />
              org.testng.internal.TestMethodWorker.run(TestMethodWorker.java:111)<br />
              org.testng.TestRunner.privateRun(TestRunner.java:767)<br />
              org.testng.TestRunner.run(TestRunner.java:617)<br />
              org.testng.SuiteRunner.runTest(SuiteRunner.java:348)<br />
              org.testng.SuiteRunner.runSequentially(SuiteRunner.java:343)<br />
              org.testng.SuiteRunner.privateRun(SuiteRunner.java:305)<br />
              org.testng.SuiteRunner.run(SuiteRunner.java:254)<br />
              org.testng.SuiteRunnerWorker.runSuite(SuiteRunnerWorker.java:52)<br />
              org.testng.SuiteRunnerWorker.run(SuiteRunnerWorker.java:86)<br />
              org.testng.TestNG.runSuitesSequentially(TestNG.java:1224)<br />
              org.testng.TestNG.runSuitesLocally(TestNG.java:1149)<br />
              org.testng.TestNG.run(TestNG.java:1057)<br />
              org.apache.maven.surefire.testng.TestNGExecutor.run(TestNGExecutor.java:295)<br />
              org.apache.maven.surefire.testng.TestNGXmlTestSuite.execute(TestNGXmlTestSuite.java:84)<br />
              org.apache.maven.surefire.testng.TestNGProvider.invoke(TestNGProvider.java:90)<br />
              org.apache.maven.surefire.booter.ForkedBooter.invokeProviderInSameClassLoader(ForkedBooter.java:203)<br />
              org.apache.maven.surefire.booter.ForkedBooter.runSuitesInProcess(ForkedBooter.java:155)<br />
              org.apache.maven.surefire.booter.ForkedBooter.main(ForkedBooter.java:103)<br />
                </div>
      </td>
</tr>
<tr>
  <td class="method">
                  checkElementsViewCandidate
      </td>
  <td class="duration">
    0.021s
  </td>
  <td class="result">
        
          <i>Method arguments: </i><span class="arguments">"Petrov;Petr;Olololoevich;02.12.1993;sdhgjshgj@mail.ru;+380505465345;", "First name;Last name;Middle name;Birth date;Email;Primary phone number;Secondary phone number;University;Faculty;Degree;Education start date;Graduation date;Extra education;Relevant skills;Language;Referrer;Stream;Status;Attempt amount;Filling date;Comment"</span><br />
    
            <div class="testOutput">
                        <br /><b><font size = 2 color = #000099>Check all elements are present on ViewCandidatePage</font></b><br/>
                                <br /><font size = 2 color = #000000>Checking that click by selected stream reffering to Stream Page</font>
                  </div>
    

        <a href="javascript:toggleElement('exception-6', 'block')" title="Click to expand/collapse"><b>org.openqa.selenium.NoSuchElementException: no such element<br/>
&nbsp; (Session info: chrome=39.0.2171.99)<br/>
&nbsp; (Driver info: chromedriver=2.9.248315,platform=Windows NT 6.1 SP1 x86_64) (WARNING: The server did not provide any stacktrace information)<br/>
Command duration or timeout: 21 milliseconds<br/>
For documentation on this error, please visit: http://seleniumhq.org/exceptions/no_such_element.html<br/>
Build info: version: &apos;2.44.0&apos;, revision: &apos;76d78cf323ce037c5f92db6c1bba601c2ac43ad8&apos;, time: &apos;2014-10-23 13:11:40&apos;<br/>
System info: host: &apos;EPUAKHAW0329&apos;, ip: &apos;10.23.12.108&apos;, os.name: &apos;Windows 7&apos;, os.arch: &apos;amd64&apos;, os.version: &apos;6.1&apos;, java.version: &apos;1.7.0_67&apos;<br/>
Session ID: 85241c23195402c1151b90e96c2159a1<br/>
Driver info: org.openqa.selenium.chrome.ChromeDriver<br/>
Capabilities [{platform=XP, acceptSslCerts=true, javascriptEnabled=true, browserName=chrome, chrome={userDataDir=C:\Users\Olha_Myroliubova\AppData\Local\Temp\scoped_dir8268_26791}, rotatable=false, locationContextEnabled=true, version=39.0.2171.99, takesHeapSnapshot=true, cssSelectorsEnabled=true, databaseEnabled=false, handlesAlerts=true, browserConnectionEnabled=false, webStorageEnabled=true, nativeEvents=true, applicationCacheEnabled=false, takesScreenshot=true}]</b></a><br />
    <div class="stackTrace" id="exception-6">
              sun.reflect.NativeConstructorAccessorImpl.newInstance0(Native Method)<br />
              sun.reflect.NativeConstructorAccessorImpl.newInstance(Unknown Source)<br />
              sun.reflect.DelegatingConstructorAccessorImpl.newInstance(Unknown Source)<br />
              java.lang.reflect.Constructor.newInstance(Unknown Source)<br />
              org.openqa.selenium.remote.ErrorHandler.createThrowable(ErrorHandler.java:204)<br />
              org.openqa.selenium.remote.ErrorHandler.throwIfResponseFailed(ErrorHandler.java:156)<br />
              org.openqa.selenium.remote.RemoteWebDriver.execute(RemoteWebDriver.java:599)<br />
              org.openqa.selenium.remote.RemoteWebDriver.findElement(RemoteWebDriver.java:352)<br />
              org.openqa.selenium.remote.RemoteWebDriver.findElementByXPath(RemoteWebDriver.java:449)<br />
              org.openqa.selenium.By$ByXPath.findElement(By.java:357)<br />
              org.openqa.selenium.remote.RemoteWebDriver.findElement(RemoteWebDriver.java:344)<br />
              com.epam.testexternalpart.screen.departments.Departments.clickSelectedStream(Departments.java:169)<br />
              com.epam.testexternalpart.tests.SmokeTest.checkElementsViewCandidate(SmokeTest.java:90)<br />
              sun.reflect.NativeMethodAccessorImpl.invoke0(Native Method)<br />
              sun.reflect.NativeMethodAccessorImpl.invoke(Unknown Source)<br />
              sun.reflect.DelegatingMethodAccessorImpl.invoke(Unknown Source)<br />
              java.lang.reflect.Method.invoke(Unknown Source)<br />
              org.testng.internal.MethodInvocationHelper.invokeMethod(MethodInvocationHelper.java:84)<br />
              org.testng.internal.Invoker.invokeMethod(Invoker.java:714)<br />
              org.testng.internal.Invoker.invokeTestMethod(Invoker.java:901)<br />
              org.testng.internal.Invoker.invokeTestMethods(Invoker.java:1231)<br />
              org.testng.internal.TestMethodWorker.invokeTestMethods(TestMethodWorker.java:127)<br />
              org.testng.internal.TestMethodWorker.run(TestMethodWorker.java:111)<br />
              org.testng.TestRunner.privateRun(TestRunner.java:767)<br />
              org.testng.TestRunner.run(TestRunner.java:617)<br />
              org.testng.SuiteRunner.runTest(SuiteRunner.java:348)<br />
              org.testng.SuiteRunner.runSequentially(SuiteRunner.java:343)<br />
              org.testng.SuiteRunner.privateRun(SuiteRunner.java:305)<br />
              org.testng.SuiteRunner.run(SuiteRunner.java:254)<br />
              org.testng.SuiteRunnerWorker.runSuite(SuiteRunnerWorker.java:52)<br />
              org.testng.SuiteRunnerWorker.run(SuiteRunnerWorker.java:86)<br />
              org.testng.TestNG.runSuitesSequentially(TestNG.java:1224)<br />
              org.testng.TestNG.runSuitesLocally(TestNG.java:1149)<br />
              org.testng.TestNG.run(TestNG.java:1057)<br />
              org.apache.maven.surefire.testng.TestNGExecutor.run(TestNGExecutor.java:295)<br />
              org.apache.maven.surefire.testng.TestNGXmlTestSuite.execute(TestNGXmlTestSuite.java:84)<br />
              org.apache.maven.surefire.testng.TestNGProvider.invoke(TestNGProvider.java:90)<br />
              org.apache.maven.surefire.booter.ForkedBooter.invokeProviderInSameClassLoader(ForkedBooter.java:203)<br />
              org.apache.maven.surefire.booter.ForkedBooter.runSuitesInProcess(ForkedBooter.java:155)<br />
              org.apache.maven.surefire.booter.ForkedBooter.main(ForkedBooter.java:103)<br />
                </div>
      </td>
</tr>
<tr>
  <td class="method">
                  checkEmailTemplatesPage
      </td>
  <td class="duration">
    1001.318s
  </td>
  <td class="result">
        
    
            <div class="testOutput">
                        <br /><b><font size = 2 color = #000099>Check all elements are present on Email Templates Page</font></b><br/>
                                <br /><font size = 2 color = #000000>Checking transfering to Email Template Page</font>
                                <br /><font size = 2 color = #000000>Click on [Click on settingsButton]</font>
                  </div>
    

        <a href="javascript:toggleElement('exception-7', 'block')" title="Click to expand/collapse"><b>org.openqa.selenium.TimeoutException: Timed out after 1000 seconds waiting for visibility of Proxy element for: org.openqa.selenium.support.pagefactory.DefaultElementLocator@1e36e002<br/>
Build info: version: &apos;2.44.0&apos;, revision: &apos;76d78cf323ce037c5f92db6c1bba601c2ac43ad8&apos;, time: &apos;2014-10-23 13:11:40&apos;<br/>
System info: host: &apos;EPUAKHAW0329&apos;, ip: &apos;10.23.12.108&apos;, os.name: &apos;Windows 7&apos;, os.arch: &apos;amd64&apos;, os.version: &apos;6.1&apos;, java.version: &apos;1.7.0_67&apos;<br/>
Session ID: 85241c23195402c1151b90e96c2159a1<br/>
Driver info: org.openqa.selenium.chrome.ChromeDriver<br/>
Capabilities [{platform=XP, acceptSslCerts=true, javascriptEnabled=true, browserName=chrome, chrome={userDataDir=C:\Users\Olha_Myroliubova\AppData\Local\Temp\scoped_dir8268_26791}, rotatable=false, locationContextEnabled=true, version=39.0.2171.99, takesHeapSnapshot=true, cssSelectorsEnabled=true, databaseEnabled=false, handlesAlerts=true, browserConnectionEnabled=false, webStorageEnabled=true, nativeEvents=true, applicationCacheEnabled=false, takesScreenshot=true}]</b></a><br />
    <div class="stackTrace" id="exception-7">
              org.openqa.selenium.support.ui.WebDriverWait.timeoutException(WebDriverWait.java:79)<br />
              org.openqa.selenium.support.ui.FluentWait.until(FluentWait.java:228)<br />
              com.epam.testexternalpart.screen.Components.clickElement(Components.java:82)<br />
              com.epam.testexternalpart.screen.Menu.enterToEmailTemplate(Menu.java:85)<br />
              com.epam.testexternalpart.tests.SmokeTest.checkEmailTemplatesPage(SmokeTest.java:144)<br />
              sun.reflect.NativeMethodAccessorImpl.invoke0(Native Method)<br />
              sun.reflect.NativeMethodAccessorImpl.invoke(Unknown Source)<br />
              sun.reflect.DelegatingMethodAccessorImpl.invoke(Unknown Source)<br />
              java.lang.reflect.Method.invoke(Unknown Source)<br />
              org.testng.internal.MethodInvocationHelper.invokeMethod(MethodInvocationHelper.java:84)<br />
              org.testng.internal.Invoker.invokeMethod(Invoker.java:714)<br />
              org.testng.internal.Invoker.invokeTestMethod(Invoker.java:901)<br />
              org.testng.internal.Invoker.invokeTestMethods(Invoker.java:1231)<br />
              org.testng.internal.TestMethodWorker.invokeTestMethods(TestMethodWorker.java:127)<br />
              org.testng.internal.TestMethodWorker.run(TestMethodWorker.java:111)<br />
              org.testng.TestRunner.privateRun(TestRunner.java:767)<br />
              org.testng.TestRunner.run(TestRunner.java:617)<br />
              org.testng.SuiteRunner.runTest(SuiteRunner.java:348)<br />
              org.testng.SuiteRunner.runSequentially(SuiteRunner.java:343)<br />
              org.testng.SuiteRunner.privateRun(SuiteRunner.java:305)<br />
              org.testng.SuiteRunner.run(SuiteRunner.java:254)<br />
              org.testng.SuiteRunnerWorker.runSuite(SuiteRunnerWorker.java:52)<br />
              org.testng.SuiteRunnerWorker.run(SuiteRunnerWorker.java:86)<br />
              org.testng.TestNG.runSuitesSequentially(TestNG.java:1224)<br />
              org.testng.TestNG.runSuitesLocally(TestNG.java:1149)<br />
              org.testng.TestNG.run(TestNG.java:1057)<br />
              org.apache.maven.surefire.testng.TestNGExecutor.run(TestNGExecutor.java:295)<br />
              org.apache.maven.surefire.testng.TestNGXmlTestSuite.execute(TestNGXmlTestSuite.java:84)<br />
              org.apache.maven.surefire.testng.TestNGProvider.invoke(TestNGProvider.java:90)<br />
              org.apache.maven.surefire.booter.ForkedBooter.invokeProviderInSameClassLoader(ForkedBooter.java:203)<br />
              org.apache.maven.surefire.booter.ForkedBooter.runSuitesInProcess(ForkedBooter.java:155)<br />
              org.apache.maven.surefire.booter.ForkedBooter.main(ForkedBooter.java:103)<br />
                    <b>Caused by: </b> <a href="javascript:toggleElement('exception-8', 'block')" title="Click to expand/collapse">org.openqa.selenium.NoSuchElementException: no such element<br/>
&nbsp; (Session info: chrome=39.0.2171.99)<br/>
&nbsp; (Driver info: chromedriver=2.9.248315,platform=Windows NT 6.1 SP1 x86_64) (WARNING: The server did not provide any stacktrace information)<br/>
Command duration or timeout: 10 milliseconds<br/>
For documentation on this error, please visit: http://seleniumhq.org/exceptions/no_such_element.html<br/>
Build info: version: &apos;2.44.0&apos;, revision: &apos;76d78cf323ce037c5f92db6c1bba601c2ac43ad8&apos;, time: &apos;2014-10-23 13:11:40&apos;<br/>
System info: host: &apos;EPUAKHAW0329&apos;, ip: &apos;10.23.12.108&apos;, os.name: &apos;Windows 7&apos;, os.arch: &apos;amd64&apos;, os.version: &apos;6.1&apos;, java.version: &apos;1.7.0_67&apos;<br/>
Session ID: 85241c23195402c1151b90e96c2159a1<br/>
Driver info: org.openqa.selenium.chrome.ChromeDriver<br/>
Capabilities [{platform=XP, acceptSslCerts=true, javascriptEnabled=true, browserName=chrome, chrome={userDataDir=C:\Users\Olha_Myroliubova\AppData\Local\Temp\scoped_dir8268_26791}, rotatable=false, locationContextEnabled=true, version=39.0.2171.99, takesHeapSnapshot=true, cssSelectorsEnabled=true, databaseEnabled=false, handlesAlerts=true, browserConnectionEnabled=false, webStorageEnabled=true, nativeEvents=true, applicationCacheEnabled=false, takesScreenshot=true}]</a><br />
        <div class="stackTrace" id="exception-8">
                      sun.reflect.GeneratedConstructorAccessor34.newInstance(Unknown Source)<br />
                      sun.reflect.DelegatingConstructorAccessorImpl.newInstance(Unknown Source)<br />
                      java.lang.reflect.Constructor.newInstance(Unknown Source)<br />
                      org.openqa.selenium.remote.ErrorHandler.createThrowable(ErrorHandler.java:204)<br />
                      org.openqa.selenium.remote.ErrorHandler.throwIfResponseFailed(ErrorHandler.java:156)<br />
                      org.openqa.selenium.remote.RemoteWebDriver.execute(RemoteWebDriver.java:599)<br />
                      org.openqa.selenium.remote.RemoteWebDriver.findElement(RemoteWebDriver.java:352)<br />
                      org.openqa.selenium.remote.RemoteWebDriver.findElementByXPath(RemoteWebDriver.java:449)<br />
                      org.openqa.selenium.By$ByXPath.findElement(By.java:357)<br />
                      org.openqa.selenium.remote.RemoteWebDriver.findElement(RemoteWebDriver.java:344)<br />
                      org.openqa.selenium.support.pagefactory.DefaultElementLocator.findElement(DefaultElementLocator.java:59)<br />
                      org.openqa.selenium.support.pagefactory.internal.LocatingElementHandler.invoke(LocatingElementHandler.java:37)<br />
                      com.sun.proxy.$Proxy9.isDisplayed(Unknown Source)<br />
                      org.openqa.selenium.support.ui.ExpectedConditions.elementIfVisible(ExpectedConditions.java:227)<br />
                      org.openqa.selenium.support.ui.ExpectedConditions.access$100(ExpectedConditions.java:39)<br />
                      org.openqa.selenium.support.ui.ExpectedConditions$7.apply(ExpectedConditions.java:213)<br />
                      org.openqa.selenium.support.ui.ExpectedConditions$7.apply(ExpectedConditions.java:210)<br />
                      org.openqa.selenium.support.ui.FluentWait.until(FluentWait.java:208)<br />
                      com.epam.testexternalpart.screen.Components.clickElement(Components.java:82)<br />
                      com.epam.testexternalpart.screen.Menu.enterToEmailTemplate(Menu.java:85)<br />
                      com.epam.testexternalpart.tests.SmokeTest.checkEmailTemplatesPage(SmokeTest.java:144)<br />
                      sun.reflect.NativeMethodAccessorImpl.invoke0(Native Method)<br />
                      sun.reflect.NativeMethodAccessorImpl.invoke(Unknown Source)<br />
                      sun.reflect.DelegatingMethodAccessorImpl.invoke(Unknown Source)<br />
                      java.lang.reflect.Method.invoke(Unknown Source)<br />
                      org.testng.internal.MethodInvocationHelper.invokeMethod(MethodInvocationHelper.java:84)<br />
                      org.testng.internal.Invoker.invokeMethod(Invoker.java:714)<br />
                      org.testng.internal.Invoker.invokeTestMethod(Invoker.java:901)<br />
                      org.testng.internal.Invoker.invokeTestMethods(Invoker.java:1231)<br />
                      org.testng.internal.TestMethodWorker.invokeTestMethods(TestMethodWorker.java:127)<br />
                      org.testng.internal.TestMethodWorker.run(TestMethodWorker.java:111)<br />
                      org.testng.TestRunner.privateRun(TestRunner.java:767)<br />
                      org.testng.TestRunner.run(TestRunner.java:617)<br />
                      org.testng.SuiteRunner.runTest(SuiteRunner.java:348)<br />
                      org.testng.SuiteRunner.runSequentially(SuiteRunner.java:343)<br />
                      org.testng.SuiteRunner.privateRun(SuiteRunner.java:305)<br />
                      org.testng.SuiteRunner.run(SuiteRunner.java:254)<br />
                      org.testng.SuiteRunnerWorker.runSuite(SuiteRunnerWorker.java:52)<br />
                      org.testng.SuiteRunnerWorker.run(SuiteRunnerWorker.java:86)<br />
                      org.testng.TestNG.runSuitesSequentially(TestNG.java:1224)<br />
                      org.testng.TestNG.runSuitesLocally(TestNG.java:1149)<br />
                      org.testng.TestNG.run(TestNG.java:1057)<br />
                      org.apache.maven.surefire.testng.TestNGExecutor.run(TestNGExecutor.java:295)<br />
                      org.apache.maven.surefire.testng.TestNGXmlTestSuite.execute(TestNGXmlTestSuite.java:84)<br />
                      org.apache.maven.surefire.testng.TestNGProvider.invoke(TestNGProvider.java:90)<br />
                      org.apache.maven.surefire.booter.ForkedBooter.invokeProviderInSameClassLoader(ForkedBooter.java:203)<br />
                      org.apache.maven.surefire.booter.ForkedBooter.runSuitesInProcess(ForkedBooter.java:155)<br />
                      org.apache.maven.surefire.booter.ForkedBooter.main(ForkedBooter.java:103)<br />
                  </div>
          </div>
      </td>
</tr>
<tr>
  <td class="method">
                  checkMenu
      </td>
  <td class="duration">
    0.020s
  </td>
  <td class="result">
        
    
            <div class="testOutput">
                        <br /><b><font size = 2 color = #000099>Check all elements are present on Menu</font></b><br/>
                                <br><b><font size = 2 color = #000000>Check the presence of all elements on Menu</font></b><br>
                                <br /><font size = 2 color = #000000>Checking the presence of the elemen [logo]</font>
                  </div>
    

        <a href="javascript:toggleElement('exception-9', 'block')" title="Click to expand/collapse"><b>java.lang.AssertionError: logoNo element [logo] on the page&nbsp; expected [true] but found [false]</b></a><br />
    <div class="stackTrace" id="exception-9">
              org.testng.Assert.fail(Assert.java:94)<br />
              org.testng.Assert.failNotEquals(Assert.java:494)<br />
              org.testng.Assert.assertTrue(Assert.java:42)<br />
              com.epam.testexternalpart.screen.Components.isElementExist(Components.java:38)<br />
              com.epam.testexternalpart.screen.Menu.checkElementsPresent(Menu.java:66)<br />
              com.epam.testexternalpart.tests.SmokeTest.checkMenu(SmokeTest.java:136)<br />
              sun.reflect.NativeMethodAccessorImpl.invoke0(Native Method)<br />
              sun.reflect.NativeMethodAccessorImpl.invoke(Unknown Source)<br />
              sun.reflect.DelegatingMethodAccessorImpl.invoke(Unknown Source)<br />
              java.lang.reflect.Method.invoke(Unknown Source)<br />
              org.testng.internal.MethodInvocationHelper.invokeMethod(MethodInvocationHelper.java:84)<br />
              org.testng.internal.Invoker.invokeMethod(Invoker.java:714)<br />
              org.testng.internal.Invoker.invokeTestMethod(Invoker.java:901)<br />
              org.testng.internal.Invoker.invokeTestMethods(Invoker.java:1231)<br />
              org.testng.internal.TestMethodWorker.invokeTestMethods(TestMethodWorker.java:127)<br />
              org.testng.internal.TestMethodWorker.run(TestMethodWorker.java:111)<br />
              org.testng.TestRunner.privateRun(TestRunner.java:767)<br />
              org.testng.TestRunner.run(TestRunner.java:617)<br />
              org.testng.SuiteRunner.runTest(SuiteRunner.java:348)<br />
              org.testng.SuiteRunner.runSequentially(SuiteRunner.java:343)<br />
              org.testng.SuiteRunner.privateRun(SuiteRunner.java:305)<br />
              org.testng.SuiteRunner.run(SuiteRunner.java:254)<br />
              org.testng.SuiteRunnerWorker.runSuite(SuiteRunnerWorker.java:52)<br />
              org.testng.SuiteRunnerWorker.run(SuiteRunnerWorker.java:86)<br />
              org.testng.TestNG.runSuitesSequentially(TestNG.java:1224)<br />
              org.testng.TestNG.runSuitesLocally(TestNG.java:1149)<br />
              org.testng.TestNG.run(TestNG.java:1057)<br />
              org.apache.maven.surefire.testng.TestNGExecutor.run(TestNGExecutor.java:295)<br />
              org.apache.maven.surefire.testng.TestNGXmlTestSuite.execute(TestNGXmlTestSuite.java:84)<br />
              org.apache.maven.surefire.testng.TestNGProvider.invoke(TestNGProvider.java:90)<br />
              org.apache.maven.surefire.booter.ForkedBooter.invokeProviderInSameClassLoader(ForkedBooter.java:203)<br />
              org.apache.maven.surefire.booter.ForkedBooter.runSuitesInProcess(ForkedBooter.java:155)<br />
              org.apache.maven.surefire.booter.ForkedBooter.main(ForkedBooter.java:103)<br />
                </div>
      </td>
</tr>
<tr>
  <td class="method">
                  checkSubgroupPage
      </td>
  <td class="duration">
    2.244s
  </td>
  <td class="result">
        
    
            <div class="testOutput">
                        <br /><b><font size = 2 color = #000099>Check all elements are present on Subgroup Page</font></b><br/>
                                <br /><font size = 2 color = #000000>Click on [Click on settingsButton]</font>
                                <br /><font size = 2 color = #000000>Click on [Click on subgroupsButton]</font>
                                <br><b><font size = 2 color = #000000>Check the presence of all elements on Subgroup Page</font></b><br>
                                <br /><font size = 2 color = #000000>Checking the presence of the elemen [Subgroup table ]</font>
                  </div>
    

        <a href="javascript:toggleElement('exception-10', 'block')" title="Click to expand/collapse"><b>java.lang.AssertionError: Subgroup table No element [Subgroup table ] on the page&nbsp; expected [true] but found [false]</b></a><br />
    <div class="stackTrace" id="exception-10">
              org.testng.Assert.fail(Assert.java:94)<br />
              org.testng.Assert.failNotEquals(Assert.java:494)<br />
              org.testng.Assert.assertTrue(Assert.java:42)<br />
              com.epam.testexternalpart.screen.Components.isElementExist(Components.java:38)<br />
              com.epam.testexternalpart.screen.AllSubgroupPage.checkElementsPresent(AllSubgroupPage.java:63)<br />
              com.epam.testexternalpart.tests.SmokeTest.checkSubgroupPage(SmokeTest.java:174)<br />
              sun.reflect.NativeMethodAccessorImpl.invoke0(Native Method)<br />
              sun.reflect.NativeMethodAccessorImpl.invoke(Unknown Source)<br />
              sun.reflect.DelegatingMethodAccessorImpl.invoke(Unknown Source)<br />
              java.lang.reflect.Method.invoke(Unknown Source)<br />
              org.testng.internal.MethodInvocationHelper.invokeMethod(MethodInvocationHelper.java:84)<br />
              org.testng.internal.Invoker.invokeMethod(Invoker.java:714)<br />
              org.testng.internal.Invoker.invokeTestMethod(Invoker.java:901)<br />
              org.testng.internal.Invoker.invokeTestMethods(Invoker.java:1231)<br />
              org.testng.internal.TestMethodWorker.invokeTestMethods(TestMethodWorker.java:127)<br />
              org.testng.internal.TestMethodWorker.run(TestMethodWorker.java:111)<br />
              org.testng.TestRunner.privateRun(TestRunner.java:767)<br />
              org.testng.TestRunner.run(TestRunner.java:617)<br />
              org.testng.SuiteRunner.runTest(SuiteRunner.java:348)<br />
              org.testng.SuiteRunner.runSequentially(SuiteRunner.java:343)<br />
              org.testng.SuiteRunner.privateRun(SuiteRunner.java:305)<br />
              org.testng.SuiteRunner.run(SuiteRunner.java:254)<br />
              org.testng.SuiteRunnerWorker.runSuite(SuiteRunnerWorker.java:52)<br />
              org.testng.SuiteRunnerWorker.run(SuiteRunnerWorker.java:86)<br />
              org.testng.TestNG.runSuitesSequentially(TestNG.java:1224)<br />
              org.testng.TestNG.runSuitesLocally(TestNG.java:1149)<br />
              org.testng.TestNG.run(TestNG.java:1057)<br />
              org.apache.maven.surefire.testng.TestNGExecutor.run(TestNGExecutor.java:295)<br />
              org.apache.maven.surefire.testng.TestNGXmlTestSuite.execute(TestNGXmlTestSuite.java:84)<br />
              org.apache.maven.surefire.testng.TestNGProvider.invoke(TestNGProvider.java:90)<br />
              org.apache.maven.surefire.booter.ForkedBooter.invokeProviderInSameClassLoader(ForkedBooter.java:203)<br />
              org.apache.maven.surefire.booter.ForkedBooter.runSuitesInProcess(ForkedBooter.java:155)<br />
              org.apache.maven.surefire.booter.ForkedBooter.main(ForkedBooter.java:103)<br />
                </div>
      </td>
</tr>
      </table>


  <table class="resultsTable">
    <tr><th colspan="3" class="header passed">Passed Tests</th></tr>
          <tr>
        <td colspan="3" class="group">com.epam.testexternalpart.tests.SmokeTest</td>
      </tr>
            
<tr>
  <td class="method">
                  checkAddStreamAccordingToDepartment
      </td>
  <td class="duration">
    19.485s
  </td>
  <td class="result">
        
    
            <div class="testOutput">
                        <br /><b><font size = 2 color = #000099>Check adding Stream according to department Java</font></b><br/>
                                <br /><font size = 2 color = #000000>Checking adding Stream according to Department</font>
                                <br /><font size = 2 color = #000000>Click on ['Java' Tab]</font>
                                <br /><font size = 2 color = #000000>Click on [add Stream Button]</font>
                                <br /><font size = 2 color = #000000>Checking text of element AddStream department name tab 'Java'</font>
                                <br /><font size = 2 color = #347C17>&nbsp;&nbsp;Text of [AddStream department name tab 'Java'] is correct</font>
                                <br /><font size = 2 color = #000000>Click on [crumbs Back To Department Page]</font>
                                <br /><font size = 2 color = #000000>Click on ['.Net' Tab]</font>
                                <br /><font size = 2 color = #000000>Click on [add Stream Button]</font>
                                <br /><font size = 2 color = #000000>Checking text of element AddStream department name tab '.Net'</font>
                                <br /><font size = 2 color = #347C17>&nbsp;&nbsp;Text of [AddStream department name tab '.Net'] is correct</font>
                                <br /><font size = 2 color = #000000>Click on [crumbs Back To Department Page]</font>
                                <br /><font size = 2 color = #000000>Click on ['Front-End' Tab]</font>
                                <br /><font size = 2 color = #000000>Click on [add Stream Button]</font>
                                <br /><font size = 2 color = #000000>Checking text of element AddStream department name tab 'Front-End'</font>
                                <br /><font size = 2 color = #347C17>&nbsp;&nbsp;Text of [AddStream department name tab 'Front-End'] is correct</font>
                                <br /><font size = 2 color = #000000>Click on [crumbs Back To Department Page]</font>
                                <br /><font size = 2 color = #000000>Click on ['Automation Testing' Tab]</font>
                                <br /><font size = 2 color = #000000>Click on [add Stream Button]</font>
                                <br /><font size = 2 color = #000000>Checking text of element AddStream department name tab 'Automation Testing'</font>
                                <br /><font size = 2 color = #347C17>&nbsp;&nbsp;Text of [AddStream department name tab 'Automation Testing'] is correct</font>
                                <br /><font size = 2 color = #000000>Click on [crumbs Back To Department Page]</font>
                                <br /><font size = 2 color = #000000>Click on ['Software Testing' Tab]</font>
                                <br /><font size = 2 color = #000000>Click on [add Stream Button]</font>
                                <br /><font size = 2 color = #000000>Checking text of element AddStream department name tab 'Software Testing'</font>
                                <br /><font size = 2 color = #347C17>&nbsp;&nbsp;Text of [AddStream department name tab 'Software Testing'] is correct</font>
                                <br /><font size = 2 color = #000000>Click on [crumbs Back To Department Page]</font>
                  </div>
    

      </td>
</tr>
<tr>
  <td class="method">
                  checkConcretSubgroup
      </td>
  <td class="duration">
    7.567s
  </td>
  <td class="result">
        
    
            <div class="testOutput">
                        <br /><font size = 2 color = #000000>Click on [Click on settingsButton]</font>
                                <br /><font size = 2 color = #000000>Click on [Click on subgroupsButton]</font>
                  </div>
    

      </td>
</tr>
<tr>
  <td class="method">
                  checkElAllCandiadtesMenu
      </td>
  <td class="duration">
    47.362s
  </td>
  <td class="result">
        
          <i>Method arguments: </i><span class="arguments">"¹;First Name;Last Name;Middle Name;Phone;BirthDate;Email;Fill Date;Stream;Department"</span><br />
    
            <div class="testOutput">
                        <br /><b><font size = 2 color = #000099>Check all elements are present on CandiadtesMenu</font></b><br/>
                                <br /><font size = 2 color = #000000>Click on [allCandidatesButton]</font>
                                <br><b><font size = 2 color = #000000>Check the presence of all text on All Candidates menu Page</font></b><br>
                                <br /><font size = 2 color = #000000>Checking text of element All candidates title</font>
                                <br /><font size = 2 color = #347C17>&nbsp;&nbsp;Text of [All candidates title] is correct</font>
                                <br /><font size = 2 color = #000000>Checking partial text of element Crumbs</font>
                                <br /><font size = 2 color = #347C17>&nbsp;&nbsp;Text of [Crumbs] is correct</font>
                                <br /><font size = 2 color = #347C17>&nbsp;&nbsp;All text on All Candidates menu Page is present</font>
                                <br><b><font size = 2 color = #000000>Checking the presence of all elements on All Candidates Page</font></b><br>
                                <br /><font size = 2 color = #000000>Checking the presence of default columns on All Candidates menu - </font>
                                <br /><font size = 2 color = #000000>Checking text of element ¹</font>
                                <br /><font size = 2 color = #347C17>&nbsp;&nbsp;Text of [¹] is correct</font>
                                <br /><font size = 2 color = #000000>Checking text of element First Name</font>
                                <br /><font size = 2 color = #347C17>&nbsp;&nbsp;Text of [First Name] is correct</font>
                                <br /><font size = 2 color = #000000>Checking text of element Last Name</font>
                                <br /><font size = 2 color = #347C17>&nbsp;&nbsp;Text of [Last Name] is correct</font>
                                <br /><font size = 2 color = #000000>Checking text of element Middle Name</font>
                                <br /><font size = 2 color = #347C17>&nbsp;&nbsp;Text of [Middle Name] is correct</font>
                                <br /><font size = 2 color = #000000>Checking text of element Phone</font>
                                <br /><font size = 2 color = #347C17>&nbsp;&nbsp;Text of [Phone] is correct</font>
                                <br /><font size = 2 color = #000000>Checking text of element BirthDate</font>
                                <br /><font size = 2 color = #347C17>&nbsp;&nbsp;Text of [BirthDate] is correct</font>
                                <br /><font size = 2 color = #000000>Checking text of element Email</font>
                                <br /><font size = 2 color = #347C17>&nbsp;&nbsp;Text of [Email] is correct</font>
                                <br /><font size = 2 color = #000000>Checking text of element Fill Date</font>
                                <br /><font size = 2 color = #347C17>&nbsp;&nbsp;Text of [Fill Date] is correct</font>
                                <br /><font size = 2 color = #000000>Checking text of element Stream</font>
                                <br /><font size = 2 color = #347C17>&nbsp;&nbsp;Text of [Stream] is correct</font>
                                <br /><font size = 2 color = #000000>Checking text of element Department</font>
                                <br /><font size = 2 color = #347C17>&nbsp;&nbsp;Text of [Department] is correct</font>
                                <br /><font size = 2 color = #347C17>&nbsp;&nbsp;Default columns are present on All Candidates menu Page</font>
                                <br /><font size = 2 color = #000000>Checking enable column Second phone by selected check Box</font>
                                <br /><font size = 2 color = #000000>Click on [Second phone]</font>
                                <br /><font size = 2 color = #000000>Checking disable column Second phone by selected check Box</font>
                                <br /><font size = 2 color = #000000>Click on [Second phone]</font>
                                <br /><font size = 2 color = #000000>Checking enable column Status by selected check Box</font>
                                <br /><font size = 2 color = #000000>Click on [Status]</font>
                                <br /><font size = 2 color = #000000>Checking disable column Status by selected check Box</font>
                                <br /><font size = 2 color = #000000>Click on [Status]</font>
                                <br /><font size = 2 color = #000000>Checking enable column University by selected check Box</font>
                                <br /><font size = 2 color = #000000>Click on [University]</font>
                                <br /><font size = 2 color = #000000>Checking disable column University by selected check Box</font>
                                <br /><font size = 2 color = #000000>Click on [University]</font>
                                <br /><font size = 2 color = #000000>Checking enable column Faculty by selected check Box</font>
                                <br /><font size = 2 color = #000000>Click on [Faculty]</font>
                                <br /><font size = 2 color = #000000>Checking disable column Faculty by selected check Box</font>
                                <br /><font size = 2 color = #000000>Click on [Faculty]</font>
                                <br /><font size = 2 color = #000000>Checking enable column Degree by selected check Box</font>
                                <br /><font size = 2 color = #000000>Click on [Degree]</font>
                                <br /><font size = 2 color = #000000>Checking disable column Degree by selected check Box</font>
                                <br /><font size = 2 color = #000000>Click on [Degree]</font>
                                <br /><font size = 2 color = #000000>Checking enable column Education Start by selected check Box</font>
                                <br /><font size = 2 color = #000000>Click on [Education Start]</font>
                                <br /><font size = 2 color = #000000>Checking disable column Education Start by selected check Box</font>
                                <br /><font size = 2 color = #000000>Click on [Education Start]</font>
                                <br /><font size = 2 color = #000000>Checking enable column Graduation Year by selected check Box</font>
                                <br /><font size = 2 color = #000000>Click on [Graduation Year]</font>
                                <br /><font size = 2 color = #000000>Checking disable column Graduation Year by selected check Box</font>
                                <br /><font size = 2 color = #000000>Click on [Graduation Year]</font>
                                <br /><font size = 2 color = #000000>Checking enable column Additional Education by selected check Box</font>
                                <br /><font size = 2 color = #000000>Click on [Additional Education]</font>
                                <br /><font size = 2 color = #000000>Checking disable column Additional Education by selected check Box</font>
                                <br /><font size = 2 color = #000000>Click on [Additional Education]</font>
                                <br /><font size = 2 color = #000000>Checking enable column Relevant Skills by selected check Box</font>
                                <br /><font size = 2 color = #000000>Click on [Relevant Skills]</font>
                                <br /><font size = 2 color = #000000>Checking disable column Relevant Skills by selected check Box</font>
                                <br /><font size = 2 color = #000000>Click on [Relevant Skills]</font>
                                <br /><font size = 2 color = #000000>Checking enable column Language by selected check Box</font>
                                <br /><font size = 2 color = #000000>Click on [Language]</font>
                                <br /><font size = 2 color = #000000>Checking disable column Language by selected check Box</font>
                                <br /><font size = 2 color = #000000>Click on [Language]</font>
                                <br /><font size = 2 color = #000000>Checking enable column How do you know about courses by selected check Box</font>
                                <br /><font size = 2 color = #000000>Click on [How do you know about courses]</font>
                                <br /><font size = 2 color = #000000>Checking disable column How do you know about courses by selected check Box</font>
                                <br /><font size = 2 color = #000000>Click on [How do you know about courses]</font>
                                <br /><font size = 2 color = #000000>Checking enable column Attempt Count by selected check Box</font>
                                <br /><font size = 2 color = #000000>Click on [Attempt Count]</font>
                                <br /><font size = 2 color = #000000>Checking disable column Attempt Count by selected check Box</font>
                                <br /><font size = 2 color = #000000>Click on [Attempt Count]</font>
                                <br /><font size = 2 color = #000000>Checking enable column Comment by selected check Box</font>
                                <br /><font size = 2 color = #000000>Click on [Comment]</font>
                                <br /><font size = 2 color = #000000>Checking disable column Comment by selected check Box</font>
                                <br /><font size = 2 color = #000000>Click on [Comment]</font>
                                <br /><font size = 2 color = #000000>Checking enable column Estimation by selected check Box</font>
                                <br /><font size = 2 color = #000000>Click on [Estimation]</font>
                                <br /><font size = 2 color = #000000>Checking disable column Estimation by selected check Box</font>
                                <br /><font size = 2 color = #000000>Click on [Estimation]</font>
                  </div>
    

      </td>
</tr>
<tr>
  <td class="method">
                  checkMailSettingsMenu
      </td>
  <td class="duration">
    0.000s
  </td>
  <td class="result">
        
    
            <div class="testOutput">
                        <br /><b><font size = 2 color = #000099>Check all elements are present on Mail Settings Page</font></b><br/>
                  </div>
    

      </td>
</tr>
      </table>
  
</body>
</html>
