<?xml version="1.0" encoding="UTF-8"?>
<testsuite name="SeveralStreamTest"
           tests="1"
           failures="1"
           errors="0"
           skipped="0"
<<<<<<< HEAD
           time="6.663">
  <properties />
            <testcase name="addCandidateToSeveralDepartment" time="6.663" classname="com.epam.testexternalpart.tests.SeveralStreamTest">
=======
           time="6.857">
  <properties />
            <testcase name="addCandidateToSeveralDepartment" time="6.857" classname="com.epam.testexternalpart.tests.SeveralStreamTest">
>>>>>>> 3c1685fd21682e646be2ca7e046bb477b36ab759
                <failure type="java.lang.IndexOutOfBoundsException"
                  message="Index: 2, Size: 0"
              >
<![CDATA[java.lang.IndexOutOfBoundsException: Index: 2, Size: 0
  java.util.ArrayList.rangeCheck(Unknown Source)
  java.util.ArrayList.get(Unknown Source)
  sun.reflect.GeneratedMethodAccessor12.invoke(Unknown Source)
  sun.reflect.DelegatingMethodAccessorImpl.invoke(Unknown Source)
  java.lang.reflect.Method.invoke(Unknown Source)
  org.openqa.selenium.support.pagefactory.internal.LocatingElementListHandler.invoke(LocatingElementListHandler.java:38)
  com.sun.proxy.$Proxy10.get(Unknown Source)
  com.epam.testexternalpart.tests.SeveralStreamTest.addCandidateToSeveralDepartment(SeveralStreamTest.java:16)
<<<<<<< HEAD
  sun.reflect.NativeMethodAccessorImpl.invoke0(Native Method)
  sun.reflect.NativeMethodAccessorImpl.invoke(Unknown Source)
  sun.reflect.DelegatingMethodAccessorImpl.invoke(Unknown Source)
  java.lang.reflect.Method.invoke(Unknown Source)
=======
=======
           skipped="3"
           time="0,000">
  <properties />
            <testcase name="init" time="0,000" classname="com.epam.testexternalpart.tests.SeveralStreamTest">
                <failure type="java.lang.IllegalStateException"
                  message="The driver executable does not exist: D:\Internal_project\Test Framework 1.0\TestExternalPart\chromedriver.exe"
              >
<![CDATA[java.lang.IllegalStateException: The driver executable does not exist: D:\Internal_project\Test Framework 1.0\TestExternalPart\chromedriver.exe
  com.google.common.base.Preconditions.checkState(Preconditions.java:197)
  org.openqa.selenium.remote.service.DriverService.checkExecutable(DriverService.java:117)
  org.openqa.selenium.remote.service.DriverService.findExecutable(DriverService.java:112)
  org.openqa.selenium.chrome.ChromeDriverService.createDefaultService(ChromeDriverService.java:89)
  org.openqa.selenium.chrome.ChromeDriver.<init>(ChromeDriver.java:117)
  com.epam.testexternalpart.core.WebDriverFactory.initDriver(WebDriverFactory.java:18)
  com.epam.testexternalpart.core.BaseTest.init(BaseTest.java:72)
>>>>>>> 420975fbefd517d76c6dd6a06a82d50a0ba2a4b6
  sun.reflect.NativeMethodAccessorImpl.invoke0(Native Method)
  sun.reflect.NativeMethodAccessorImpl.invoke(NativeMethodAccessorImpl.java:57)
  sun.reflect.DelegatingMethodAccessorImpl.invoke(DelegatingMethodAccessorImpl.java:43)
  java.lang.reflect.Method.invoke(Method.java:606)
>>>>>>> 3c1685fd21682e646be2ca7e046bb477b36ab759
  org.testng.internal.MethodInvocationHelper.invokeMethod(MethodInvocationHelper.java:84)
  org.testng.internal.Invoker.invokeMethod(Invoker.java:714)
  org.testng.internal.Invoker.invokeTestMethod(Invoker.java:901)
  org.testng.internal.Invoker.invokeTestMethods(Invoker.java:1231)
  org.testng.internal.TestMethodWorker.invokeTestMethods(TestMethodWorker.java:127)
  org.testng.internal.TestMethodWorker.run(TestMethodWorker.java:111)
  org.testng.TestRunner.privateRun(TestRunner.java:767)
  org.testng.TestRunner.run(TestRunner.java:617)
  org.testng.SuiteRunner.runTest(SuiteRunner.java:348)
  org.testng.SuiteRunner.runSequentially(SuiteRunner.java:343)
  org.testng.SuiteRunner.privateRun(SuiteRunner.java:305)
  org.testng.SuiteRunner.run(SuiteRunner.java:254)
  org.testng.SuiteRunnerWorker.runSuite(SuiteRunnerWorker.java:52)
  org.testng.SuiteRunnerWorker.run(SuiteRunnerWorker.java:86)
  org.testng.TestNG.runSuitesSequentially(TestNG.java:1224)
  org.testng.TestNG.runSuitesLocally(TestNG.java:1149)
  org.testng.TestNG.run(TestNG.java:1057)
  org.apache.maven.surefire.testng.TestNGExecutor.run(TestNGExecutor.java:295)
  org.apache.maven.surefire.testng.TestNGXmlTestSuite.execute(TestNGXmlTestSuite.java:84)
  org.apache.maven.surefire.testng.TestNGProvider.invoke(TestNGProvider.java:90)
  org.apache.maven.surefire.booter.ForkedBooter.invokeProviderInSameClassLoader(ForkedBooter.java:203)
  org.apache.maven.surefire.booter.ForkedBooter.runSuitesInProcess(ForkedBooter.java:155)
  org.apache.maven.surefire.booter.ForkedBooter.main(ForkedBooter.java:103)
]]>
      </failure>

          </testcase>
  
<<<<<<< HEAD
=======
<<<<<<< HEAD
=======
            <testcase name="tearDown" time="0.0" classname="com.epam.testexternalpart.tests.SeveralStreamTest">
          <skipped />
    </testcase>
            <testcase name="startPage" time="0.0" classname="com.epam.testexternalpart.tests.SeveralStreamTest">
          <skipped />
    </testcase>
            <testcase name="addCandidateToSeveralDepartment" time="0.0" classname="com.epam.testexternalpart.tests.SeveralStreamTest">
          <skipped />
    </testcase>
>>>>>>> 420975fbefd517d76c6dd6a06a82d50a0ba2a4b6
>>>>>>> 3c1685fd21682e646be2ca7e046bb477b36ab759
  
  
</testsuite>
